<?xml version="1.0" encoding="UTF-8"?>
<!-- Generated by org.testng.reporters.JUnitReportReporter -->
<testsuite hostname="LAPTOP" failures="0" tests="2" name="runner.Example2_MultiScenarioRunner" time="0.151" errors="0" timestamp="2026-02-05T00:18:32 IST" skipped="0">
  <testcase classname="runner.Example2_MultiScenarioRunner" name="runScenario" time="0.140"/>
  <system-out/>
  <testcase classname="runner.Example2_MultiScenarioRunner" name="runScenario" time="0.011"/>
  <system-out/>
</testsuite> <!-- runner.Example2_MultiScenarioRunner -->
