<?xml version="1.0" encoding="UTF-8"?>
<!-- Generated by org.testng.reporters.JUnitReportReporter -->
<testsuite hostname="LAPTOP" failures="1" tests="4" name="runner.Example3_DataDrivenRunner" time="58.136" errors="0" timestamp="2026-02-08T13:59:30 IST" skipped="0">
  <testcase classname="runner.Example3_DataDrivenRunner" name="runScenario" time="15.498"/>
  <system-out/>
  <testcase classname="runner.Example3_DataDrivenRunner" name="runScenario" time="18.636"/>
  <system-out/>
  <testcase classname="runner.Example3_DataDrivenRunner" name="runScenario" time="8.479">
    <failure message="Expected message not found. Actual: Your username is invalid!
× expected [true] but found [false]" type="java.lang.AssertionError">
      <![CDATA[java.lang.AssertionError: Expected message not found. Actual: Your username is invalid!
× expected [true] but found [false]
at org.testng.Assert.fail(Assert.java:110)
at org.testng.Assert.failNotEquals(Assert.java:1413)
at org.testng.Assert.assertTrue(Assert.java:56)
at steps.Example3_DataDrivenSteps.user_should_see_message(Example3_DataDrivenSteps.java:50)
at ✽.user should see "Your account is locked!"(file:///D:/GitHubCode/SeleniumJavaCucumber/src/test/resources/features/Example3_DataDrivenLogin.feature:22)
]]>
    </failure>
  </testcase> <!-- runScenario -->
  <system-out/>
  <testcase classname="runner.Example3_DataDrivenRunner" name="runScenario" time="15.523"/>
  <system-out/>
</testsuite> <!-- runner.Example3_DataDrivenRunner -->
