<?xml version="1.0" encoding="UTF-8"?>
<!-- Generated by org.testng.reporters.JUnitReportReporter -->
<testsuite hostname="LAPTOP" failures="0" tests="2" name="runner.Example2_MultiScenarioRunner" time="14.545" errors="0" timestamp="2026-02-08T00:01:33 IST" skipped="0">
  <testcase classname="runner.Example2_MultiScenarioRunner" name="runScenario" time="8.435"/>
  <system-out/>
  <testcase classname="runner.Example2_MultiScenarioRunner" name="runScenario" time="6.110"/>
  <system-out/>
</testsuite> <!-- runner.Example2_MultiScenarioRunner -->
