<?xml version="1.0" encoding="UTF-8"?>
<!-- Generated by org.testng.reporters.JUnitReportReporter -->
<testsuite hostname="LAPTOP" failures="1" tests="4" name="runner.Example3_DataDrivenRunnerExampleTable" time="58.855" errors="0" timestamp="2026-02-08T14:04:14 IST" skipped="0">
  <testcase classname="runner.Example3_DataDrivenRunnerExampleTable" name="runScenario" time="19.630"/>
  <system-out/>
  <testcase classname="runner.Example3_DataDrivenRunnerExampleTable" name="runScenario" time="19.113"/>
  <system-out/>
  <testcase classname="runner.Example3_DataDrivenRunnerExampleTable" name="runScenario" time="11.797">
    <failure message="Expected message not found. Actual: Your username is invalid!
× expected [true] but found [false]" type="java.lang.AssertionError">
      <![CDATA[java.lang.AssertionError: Expected message not found. Actual: Your username is invalid!
× expected [true] but found [false]
at org.testng.Assert.fail(Assert.java:110)
at org.testng.Assert.failNotEquals(Assert.java:1413)
at org.testng.Assert.assertTrue(Assert.java:56)
at steps.Example3_DataDrivenLoginExampleTable.user_should_see_message(Example3_DataDrivenLoginExampleTable.java:50)
at ✽.user should see "Your account is locked!"(file:///D:/GitHubCode/SeleniumJavaCucumber/src/test/resources/features/Example3_DataDrivenLoginExampleTable.feature:22)
]]>
    </failure>
  </testcase> <!-- runScenario -->
  <system-out/>
  <testcase classname="runner.Example3_DataDrivenRunnerExampleTable" name="runScenario" time="8.315"/>
  <system-out/>
</testsuite> <!-- runner.Example3_DataDrivenRunnerExampleTable -->
